This is pdfTeX, Version 3.14159265-2.6-1.40.18 (TeX Live 2017) (preloaded format=pdflatex 2018.1.27)  7 FEB 2018 15:02
entering extended mode
 restricted \write18 enabled.
 %&-line parsing enabled.
**histogram.tex
(./histogram.tex
LaTeX2e <2017-04-15>
Babel <3.17> and hyphenation patterns for 84 language(s) loaded.
(/local/texlive/2016/texmf-dist/tex/latex/revtex/revtex4-1.cls
Document Class: revtex4-1 2010/07/25/20:33:00 4.1r (http://publish.aps.org/revt
ex4/ for documentation)
 Copyright (c) 2009 The American Physical Society.
 mailto:revtex@aps.org
 Licensed under the LPPL:
http://www.ctan.org/tex-archive/macros/latex/base/lppl.txt
 Arthur Ogawa <arthur_ogawa at sbcglobal dot net>
 Based on work by David Carlisle <david at dcarlisle.demon.co.uk>.
ltxutil[2010/07/25/20:33:00 4.1r utilities package (portions licensed from W. E
. Baxter web at superscript.com)]
LaTeX Info: Redefining \@centercr on input line 308.
Class revtex4-1 Info: Repairing broken LaTeX eqnarray on input line 358.
\eqncolsep=\skip41
Class revtex4-1 Info: Repairing hyperref-unfriendly LaTeX definition of \mpfoot
note on input line 433.
Class revtex4-1 Info: Repairing broken LateX \@sect on input line 755.
\intertabularlinepenalty=\count79
\@tbpen=\count80
\@arstrutbox@hline=\box26
Class revtex4-1 Info: Repairing broken LaTeX \@xbitor on input line 1786.
Class revtex4-1 Info: Making \typeout \long on input line 2046.
ltxfront[2010/07/25/20:33:00 4.1r frontmatter package (AO,DPC)]
\c@affil=\count81
\c@collab=\count82
\absbox=\box27
ltxgrid[2010/07/25/20:33:00 4.1r page grid package (portions licensed from W. E
. Baxter web at superscript.com)]
\c@linecount=\count83
\output@latex=\toks14
\box@size@1=\box28
\box@size@2=\box29
\@protection@box=\box30
\@topmark@saved=\toks15
\footins@saved=\box31
\footins@recovered=\box32
\column@recovered=\box33
\pagesofar=\box34
\footsofar=\box35
\pagegrid@col=\count84
Class revtex4-1 Info: Overriding \@vspace, \@vspacer, \@no@pgbk, \@newline, and
 \\  on input line 5578.
\c@part=\count85
\c@section=\count86
\c@subsection=\count87
\c@subsubsection=\count88
\c@paragraph=\count89
\c@subparagraph=\count90
\abovecaptionskip=\skip42
\belowcaptionskip=\skip43
\c@figure=\count91
\fbox@1=\box36
\c@table=\count92
\fbox@2=\box37
\c@video=\count93
\fbox@4=\box38
\@bibdataout=\write3
\widetext@top=\box39
\widetext@bot=\box40
Class revtex4-1 Info: Selecting society aps on input line 7542.
(/local/texlive/2016/texmf-dist/tex/latex/revtex/aps4-1.rtx
File: aps4-1 2010/07/25/20:33:00 4.1r (http://publish.aps.org/revtex4/ for docu
mentation)
Class revtex4-1 Info: RevTeX society APS selected on input line 31.
)
Class revtex4-1 Info: Selecting journal pra on input line 7544.
Class revtex4-1 Info: APS journal PRA selected on input line 7545.

(/local/texlive/2016/texmf-dist/tex/latex/revtex/aps10pt4-1.rtx
File: aps10pt4-1 2010/07/25/20:33:00 4.1r (http://publish.aps.org/revtex4/ for 
documentation)
Class revtex4-1 Info: RevTeX pointsize 10pt selected on input line 30.
)
(/local/texlive/2016/texmf-dist/tex/latex/textcase/textcase.sty
Package: textcase 2004/10/07 v0.07 Text only upper/lower case changing (DPC)
)
(/local/texlive/2016/texmf-dist/tex/latex/amsfonts/amssymb.sty
Package: amssymb 2013/01/14 v3.01 AMS font symbols

(/local/texlive/2016/texmf-dist/tex/latex/amsfonts/amsfonts.sty
Package: amsfonts 2013/01/14 v3.01 Basic AMSFonts support
\@emptytoks=\toks16
\symAMSa=\mathgroup4
\symAMSb=\mathgroup5
LaTeX Font Info:    Overwriting math alphabet `\mathfrak' in version `bold'
(Font)                  U/euf/m/n --> U/euf/b/n on input line 106.
))
(/local/texlive/2016/texmf-dist/tex/latex/amsmath/amsmath.sty
Package: amsmath 2017/09/02 v2.17a AMS math features
\@mathmargin=\skip44

For additional information on amsmath, use the `?' option.
(/local/texlive/2016/texmf-dist/tex/latex/amsmath/amstext.sty
Package: amstext 2000/06/29 v2.01 AMS text

(/local/texlive/2016/texmf-dist/tex/latex/amsmath/amsgen.sty
File: amsgen.sty 1999/11/30 v2.0 generic functions
\@emptytoks=\toks17
\ex@=\dimen102
)
LaTeX Info: Redefining \text on input line 28.
)
(/local/texlive/2016/texmf-dist/tex/latex/amsmath/amsbsy.sty
Package: amsbsy 1999/11/29 v1.2d Bold Symbols
\pmbraise@=\dimen103
)
(/local/texlive/2016/texmf-dist/tex/latex/amsmath/amsopn.sty
Package: amsopn 2016/03/08 v2.02 operator names
)
\inf@bad=\count94
LaTeX Info: Redefining \frac on input line 213.
\uproot@=\count95
\leftroot@=\count96
LaTeX Info: Redefining \overline on input line 375.
\classnum@=\count97
\DOTSCASE@=\count98
LaTeX Info: Redefining \ldots on input line 472.
LaTeX Info: Redefining \dots on input line 475.
LaTeX Info: Redefining \cdots on input line 596.
\Mathstrutbox@=\box41
\strutbox@=\box42
\big@size=\dimen104
LaTeX Font Info:    Redeclaring font encoding OML on input line 712.
LaTeX Font Info:    Redeclaring font encoding OMS on input line 713.
\macc@depth=\count99
\c@MaxMatrixCols=\count100
\dotsspace@=\muskip10
\c@parentequation=\count101
\dspbrk@lvl=\count102
\tag@help=\toks18
\row@=\count103
\column@=\count104
\maxfields@=\count105
\andhelp@=\toks19
\eqnshift@=\dimen105
\alignsep@=\dimen106
\tagshift@=\dimen107
\tagwidth@=\dimen108
\totwidth@=\dimen109
\lineht@=\dimen110
\@envbody=\toks20
\multlinegap=\skip45
\multlinetaggap=\skip46
\mathdisplay@stack=\toks21
LaTeX Info: Redefining \[ on input line 2817.
LaTeX Info: Redefining \] on input line 2818.
)
(/local/texlive/2016/texmf-dist/tex/latex/url/url.sty
\Urlmuskip=\muskip11
Package: url 2013/09/16  ver 3.4  Verb mode for urls, etc.
)
(/local/texlive/2016/texmf-dist/tex/latex/natbib/natbib.sty
Package: natbib 2010/09/13 8.31b (PWD, AO)
\bibhang=\skip47
\bibsep=\skip48
LaTeX Info: Redefining \cite on input line 694.
\c@NAT@ctr=\count106
)
Class revtex4-1 Info: Repairing natbib's \BibitemShut on input line 7549.

(/local/texlive/2016/texmf-dist/tex/latex/revtex/revsymb4-1.sty
Package: revsymb4-1 2010/07/25/20:33:00 4.1r (http://publish.aps.org/revtex4/ f
or documentation)
LaTeX Info: Redefining \frak on input line 95.
LaTeX Info: Redefining \Bbb on input line 111.
LaTeX Info: Redefining \REV@mathfrak on input line 119.
))
(/local/texlive/2016/texmf-dist/tex/latex/graphics/graphicx.sty
Package: graphicx 2017/06/01 v1.1a Enhanced LaTeX Graphics (DPC,SPQR)

(/local/texlive/2016/texmf-dist/tex/latex/graphics/keyval.sty
Package: keyval 2014/10/28 v1.15 key=value parser (DPC)
\KV@toks@=\toks22
)
(/local/texlive/2016/texmf-dist/tex/latex/graphics/graphics.sty
Package: graphics 2017/06/25 v1.2c Standard LaTeX Graphics (DPC,SPQR)

(/local/texlive/2016/texmf-dist/tex/latex/graphics/trig.sty
Package: trig 2016/01/03 v1.10 sin cos tan (DPC)
)
(/local/texlive/2016/texmf-dist/tex/latex/graphics-cfg/graphics.cfg
File: graphics.cfg 2016/06/04 v1.11 sample graphics configuration
)
Package graphics Info: Driver file: pdftex.def on input line 99.

(/local/texlive/2016/texmf-dist/tex/latex/graphics-def/pdftex.def
File: pdftex.def 2018/01/08 v1.0l Graphics/color driver for pdftex
))
\Gin@req@height=\dimen111
\Gin@req@width=\dimen112
)
(/local/texlive/2016/texmf-dist/tex/latex/tools/dcolumn.sty
Package: dcolumn 2014/10/28 v1.06 decimal alignment package (DPC)

(/local/texlive/2016/texmf-dist/tex/latex/tools/array.sty
Package: array 2016/10/06 v2.4d Tabular extension package (FMi)
\col@sep=\dimen113
\extrarowheight=\dimen114
\NC@list=\toks23
\extratabsurround=\skip49
\backup@length=\skip50
))
(/local/texlive/2016/texmf-dist/tex/latex/tools/bm.sty
Package: bm 2017/01/16 v1.2c Bold Symbol Support (DPC/FMi)
\symboldoperators=\mathgroup6
\symboldletters=\mathgroup7
\symboldsymbols=\mathgroup8
LaTeX Font Info:    Redeclaring math alphabet \mathbf on input line 141.
LaTeX Info: Redefining \bm on input line 207.
)
(/local/texlive/2016/texmf-dist/tex/latex/graphics/color.sty
Package: color 2016/07/10 v1.1e Standard LaTeX Color (DPC)

(/local/texlive/2016/texmf-dist/tex/latex/graphics-cfg/color.cfg
File: color.cfg 2016/01/02 v1.6 sample color configuration
)
Package color Info: Driver file: pdftex.def on input line 147.
)
(/local/texlive/2016/texmf-dist/tex/generic/ulem/ulem.sty
\UL@box=\box43
\UL@hyphenbox=\box44
\UL@skip=\skip51
\UL@hook=\toks24
\UL@height=\dimen115
\UL@pe=\count107
\UL@pixel=\dimen116
\ULC@box=\box45
Package: ulem 2012/05/18
\ULdepth=\dimen117
)
(/local/texlive/2016/texmf-dist/tex/latex/subfig/subfig.sty
Package: subfig 2005/06/28 ver: 1.3 subfig package

(/local/texlive/2016/texmf-dist/tex/latex/caption/caption3.sty
Package: caption3 2016/05/22 v1.7-166 caption3 kernel (AR)
Package caption3 Info: TeX engine: e-TeX on input line 67.
\captionmargin=\dimen118
\captionmargin@=\dimen119
\captionwidth=\dimen120
\caption@tempdima=\dimen121
\caption@indent=\dimen122
\caption@parindent=\dimen123
\caption@hangindent=\dimen124
Package caption Info: Unknown document class (or package),
(caption)             standard defaults will be used.
)
\c@KVtest=\count108
\sf@farskip=\skip52
\sf@captopadj=\dimen125
\sf@capskip=\skip53
\sf@nearskip=\skip54
\c@subfigure=\count109
\c@subfigure@save=\count110
\c@lofdepth=\count111
\c@subtable=\count112
\c@subtable@save=\count113
\c@lotdepth=\count114
\sf@top=\skip55
\sf@bottom=\skip56
)
Class revtex4-1 Info: Unrecognized array package. Please update this document c
lass! (Proceeding with fingers crossed.) on input line 88.
Class revtex4-1 Info: Robustifying \LaTeX's \boldmath command on input line 88.

Class revtex4-1 Info: cite was not loaded (OK!) on input line 88.
Class revtex4-1 Info: mcite was not loaded (OK!) on input line 88.
Class revtex4-1 Info: multicol was not loaded (OK!) on input line 88.

(./histogram.aux)
\openout1 = `histogram.aux'.

LaTeX Font Info:    Checking defaults for OML/cmm/m/it on input line 88.
LaTeX Font Info:    ... okay on input line 88.
LaTeX Font Info:    Checking defaults for T1/cmr/m/n on input line 88.
LaTeX Font Info:    ... okay on input line 88.
LaTeX Font Info:    Checking defaults for OT1/cmr/m/n on input line 88.
LaTeX Font Info:    ... okay on input line 88.
LaTeX Font Info:    Checking defaults for OMS/cmsy/m/n on input line 88.
LaTeX Font Info:    ... okay on input line 88.
LaTeX Font Info:    Checking defaults for OMX/cmex/m/n on input line 88.
LaTeX Font Info:    ... okay on input line 88.
LaTeX Font Info:    Checking defaults for U/cmr/m/n on input line 88.
LaTeX Font Info:    ... okay on input line 88.

(/local/texlive/2016/texmf-dist/tex/context/base/mkii/supp-pdf.mkii
[Loading MPS to PDF converter (version 2006.09.02).]
\scratchcounter=\count115
\scratchdimen=\dimen126
\scratchbox=\box46
\nofMPsegments=\count116
\nofMParguments=\count117
\everyMPshowfont=\toks25
\MPscratchCnt=\count118
\MPscratchDim=\dimen127
\MPnumerator=\count119
\makeMPintoPDFobject=\count120
\everyMPtoPDFconversion=\toks26
) (/local/texlive/2016/texmf-dist/tex/latex/oberdiek/epstopdf-base.sty
Package: epstopdf-base 2016/05/15 v2.6 Base part for package epstopdf

(/local/texlive/2016/texmf-dist/tex/generic/oberdiek/infwarerr.sty
Package: infwarerr 2016/05/16 v1.4 Providing info/warning/error messages (HO)
)
(/local/texlive/2016/texmf-dist/tex/latex/oberdiek/grfext.sty
Package: grfext 2016/05/16 v1.2 Manage graphics extensions (HO)

(/local/texlive/2016/texmf-dist/tex/generic/oberdiek/kvdefinekeys.sty
Package: kvdefinekeys 2016/05/16 v1.4 Define keys (HO)

(/local/texlive/2016/texmf-dist/tex/generic/oberdiek/ltxcmds.sty
Package: ltxcmds 2016/05/16 v1.23 LaTeX kernel commands for general use (HO)
)))
(/local/texlive/2016/texmf-dist/tex/latex/oberdiek/kvoptions.sty
Package: kvoptions 2016/05/16 v3.12 Key value format for package options (HO)

(/local/texlive/2016/texmf-dist/tex/generic/oberdiek/kvsetkeys.sty
Package: kvsetkeys 2016/05/16 v1.17 Key value parser (HO)

(/local/texlive/2016/texmf-dist/tex/generic/oberdiek/etexcmds.sty
Package: etexcmds 2016/05/16 v1.6 Avoid name clashes with e-TeX commands (HO)

(/local/texlive/2016/texmf-dist/tex/generic/oberdiek/ifluatex.sty
Package: ifluatex 2016/05/16 v1.4 Provides the ifluatex switch (HO)
Package ifluatex Info: LuaTeX not detected.
)
Package etexcmds Info: Could not find \expanded.
(etexcmds)             That can mean that you are not using pdfTeX 1.50 or
(etexcmds)             that some package has redefined \expanded.
(etexcmds)             In the latter case, load this package earlier.
)))
(/local/texlive/2016/texmf-dist/tex/generic/oberdiek/pdftexcmds.sty
Package: pdftexcmds 2017/03/19 v0.25 Utility functions of pdfTeX for LuaTeX (HO
)

(/local/texlive/2016/texmf-dist/tex/generic/oberdiek/ifpdf.sty
Package: ifpdf 2017/03/15 v3.2 Provides the ifpdf switch
)
Package pdftexcmds Info: LuaTeX not detected.
Package pdftexcmds Info: \pdf@primitive is available.
Package pdftexcmds Info: \pdf@ifprimitive is available.
Package pdftexcmds Info: \pdfdraftmode found.
)
Package epstopdf-base Info: Redefining graphics rule for `.eps' on input line 4
38.
Package grfext Info: Graphics extension search list:
(grfext)             [.pdf,.png,.jpg,.mps,.jpeg,.jbig2,.jb2,.PDF,.PNG,.JPG,.JPE
G,.JBIG2,.JB2,.eps]
(grfext)             \AppendGraphicsExtensions on input line 456.

(/local/texlive/2016/texmf-dist/tex/latex/latexconfig/epstopdf-sys.cfg
File: epstopdf-sys.cfg 2010/07/13 v1.3 Configuration of (r)epstopdf for TeX Liv
e
))
Package caption Info: Begin \AtBeginDocument code.
Package caption Info: subfig package v1.3 is loaded.
Package caption Info: End \AtBeginDocument code.
\openout3 = `histogramNotes.bib'.

LaTeX Font Info:    Try loading font information for U+msa on input line 121.

(/local/texlive/2016/texmf-dist/tex/latex/amsfonts/umsa.fd
File: umsa.fd 2013/01/14 v3.01 AMS symbols A
)
LaTeX Font Info:    Try loading font information for U+msb on input line 121.

(/local/texlive/2016/texmf-dist/tex/latex/amsfonts/umsb.fd
File: umsb.fd 2013/01/14 v3.01 AMS symbols B
) [1{/local/texlive/2016/texmf-var/fonts/map/pdftex/updmap/pdftex.map}]
LaTeX Font Info:    Try loading font information for OMS+cmr on input line 159.


(/local/texlive/2016/texmf-dist/tex/latex/base/omscmr.fd
File: omscmr.fd 2014/09/29 v2.5h Standard LaTeX font definitions
)
LaTeX Font Info:    Font shape `OMS/cmr/m/n' in size <10> not available
(Font)              Font shape `OMS/cmsy/m/n' tried instead on input line 159.
 [2] [3]
Package epstopdf Info: Source file: <methods_fidelity_singledata.eps>
(epstopdf)                    date: 2018-01-12 15:17:07
(epstopdf)                    size: 296703 bytes
(epstopdf)             Output file: <methods_fidelity_singledata-eps-converted-
to.pdf>
(epstopdf)                    date: 2018-01-16 14:11:07
(epstopdf)                    size: 405817 bytes
(epstopdf)             Command: <repstopdf --outfile=methods_fidelity_singledat
a-eps-converted-to.pdf methods_fidelity_singledata.eps>
(epstopdf)             \includegraphics on input line 280.
Package epstopdf Info: Output file is already uptodate.
<methods_fidelity_singledata-eps-converted-to.pdf, id=27, 725.71124pt x 455.702
5pt>
File: methods_fidelity_singledata-eps-converted-to.pdf Graphic file (type pdf)
<use methods_fidelity_singledata-eps-converted-to.pdf>
Package pdftex.def Info: methods_fidelity_singledata-eps-converted-to.pdf  used
 on input line 280.
(pdftex.def)             Requested size: 255.0pt x 160.12407pt.

Overfull \hbox (9.0pt too wide) in paragraph at lines 280--281
 [][] 
 []

Package epstopdf Info: Source file: <fidelity_vs_binwidth_15_photons_catstate.e
ps>
(epstopdf)                    date: 2018-02-01 14:34:22
(epstopdf)                    size: 282293 bytes
(epstopdf)             Output file: <fidelity_vs_binwidth_15_photons_catstate-e
ps-converted-to.pdf>
(epstopdf)                    date: 2018-02-01 14:40:29
(epstopdf)                    size: 106764 bytes
(epstopdf)             Command: <repstopdf --outfile=fidelity_vs_binwidth_15_ph
otons_catstate-eps-converted-to.pdf fidelity_vs_binwidth_15_photons_catstate.ep
s>
(epstopdf)             \includegraphics on input line 306.
Package epstopdf Info: Output file is already uptodate.
<fidelity_vs_binwidth_15_photons_catstate-eps-converted-to.pdf, id=28, 754.82pt
 x 493.845pt>
File: fidelity_vs_binwidth_15_photons_catstate-eps-converted-to.pdf Graphic fil
e (type pdf)
<use fidelity_vs_binwidth_15_photons_catstate-eps-converted-to.pdf>
Package pdftex.def Info: fidelity_vs_binwidth_15_photons_catstate-eps-converted
-to.pdf  used on input line 306.
(pdftex.def)             Requested size: 249.9028pt x 163.49683pt.

Overfull \hbox (3.9028pt too wide) in paragraph at lines 306--307
 [][] 
 []


LaTeX Warning: `h' float specifier changed to `ht'.

Package epstopdf Info: Source file: <squeezedvacuum_15_photons_Var=075.eps>
(epstopdf)                    date: 2018-01-17 16:11:26
(epstopdf)                    size: 91940 bytes
(epstopdf)             Output file: <squeezedvacuum_15_photons_Var=075-eps-conv
erted-to.pdf>
(epstopdf)                    date: 2018-01-17 16:13:28
(epstopdf)                    size: 82446 bytes
(epstopdf)             Command: <repstopdf --outfile=squeezedvacuum_15_photons_
Var=075-eps-converted-to.pdf squeezedvacuum_15_photons_Var=075.eps>
(epstopdf)             \includegraphics on input line 319.
Package epstopdf Info: Output file is already uptodate.
<squeezedvacuum_15_photons_Var=075-eps-converted-to.pdf, id=29, 867.24pt x 492.
84125pt>
File: squeezedvacuum_15_photons_Var=075-eps-converted-to.pdf Graphic file (type
 pdf)
<use squeezedvacuum_15_photons_Var=075-eps-converted-to.pdf>
Package pdftex.def Info: squeezedvacuum_15_photons_Var=075-eps-converted-to.pdf
  used on input line 319.
(pdftex.def)             Requested size: 249.9028pt x 142.01036pt.

Overfull \hbox (3.9028pt too wide) in paragraph at lines 319--320
 [][] 
 []

[4 <./methods_fidelity_singledata-eps-converted-to.pdf> <./fidelity_vs_binwidth
_15_photons_catstate-eps-converted-to.pdf> <./squeezedvacuum_15_photons_Var=075
-eps-converted-to.pdf>]
Package epstopdf Info: Source file: <fid_vs_binwidth_catstate_alpha_1_mph_10.ep
s>
(epstopdf)                    date: 2018-01-31 15:52:54
(epstopdf)                    size: 209273 bytes
(epstopdf)             Output file: <fid_vs_binwidth_catstate_alpha_1_mph_10-ep
s-converted-to.pdf>
(epstopdf)                    date: 2018-01-31 15:54:21
(epstopdf)                    size: 97671 bytes
(epstopdf)             Command: <repstopdf --outfile=fid_vs_binwidth_catstate_a
lpha_1_mph_10-eps-converted-to.pdf fid_vs_binwidth_catstate_alpha_1_mph_10.eps>

(epstopdf)             \includegraphics on input line 345.
Package epstopdf Info: Output file is already uptodate.
<fid_vs_binwidth_catstate_alpha_1_mph_10-eps-converted-to.pdf, id=43, 891.33pt 
x 439.6425pt>
File: fid_vs_binwidth_catstate_alpha_1_mph_10-eps-converted-to.pdf Graphic file
 (type pdf)
<use fid_vs_binwidth_catstate_alpha_1_mph_10-eps-converted-to.pdf>
Package pdftex.def Info: fid_vs_binwidth_catstate_alpha_1_mph_10-eps-converted-
to.pdf  used on input line 345.
(pdftex.def)             Requested size: 249.9028pt x 123.26006pt.

Overfull \hbox (3.9028pt too wide) in paragraph at lines 345--346
 [][] 
 []

Package epstopdf Info: Source file: <fidelity_vs_binwidth_catstate_alpha_2.eps>

(epstopdf)                    date: 2018-01-31 15:55:39
(epstopdf)                    size: 259466 bytes
(epstopdf)             Output file: <fidelity_vs_binwidth_catstate_alpha_2-eps-
converted-to.pdf>
(epstopdf)                    date: 2018-01-31 15:55:53
(epstopdf)                    size: 124481 bytes
(epstopdf)             Command: <repstopdf --outfile=fidelity_vs_binwidth_catst
ate_alpha_2-eps-converted-to.pdf fidelity_vs_binwidth_catstate_alpha_2.eps>
(epstopdf)             \includegraphics on input line 353.
Package epstopdf Info: Output file is already uptodate.
<fidelity_vs_binwidth_catstate_alpha_2-eps-converted-to.pdf, id=44, 860.21375pt
 x 441.65pt>
File: fidelity_vs_binwidth_catstate_alpha_2-eps-converted-to.pdf Graphic file (
type pdf)
<use fidelity_vs_binwidth_catstate_alpha_2-eps-converted-to.pdf>
Package pdftex.def Info: fidelity_vs_binwidth_catstate_alpha_2-eps-converted-to
.pdf  used on input line 353.
(pdftex.def)             Requested size: 249.9028pt x 128.30434pt.

Overfull \hbox (3.9028pt too wide) in paragraph at lines 353--354
 [][] 
 []


LaTeX Warning: `h' float specifier changed to `ht'.

Package epstopdf Info: Source file: <squeezed_vacuum_variance_075_Mph_10.eps>
(epstopdf)                    date: 2018-01-29 15:26:10
(epstopdf)                    size: 223138 bytes
(epstopdf)             Output file: <squeezed_vacuum_variance_075_Mph_10-eps-co
nverted-to.pdf>
(epstopdf)                    date: 2018-01-29 15:26:32
(epstopdf)                    size: 97004 bytes
(epstopdf)             Command: <repstopdf --outfile=squeezed_vacuum_variance_0
75_Mph_10-eps-converted-to.pdf squeezed_vacuum_variance_075_Mph_10.eps>
(epstopdf)             \includegraphics on input line 361.
Package epstopdf Info: Output file is already uptodate.
<squeezed_vacuum_variance_075_Mph_10-eps-converted-to.pdf, id=45, 781.92125pt x
 441.65pt>
File: squeezed_vacuum_variance_075_Mph_10-eps-converted-to.pdf Graphic file (ty
pe pdf)
<use squeezed_vacuum_variance_075_Mph_10-eps-converted-to.pdf>
Package pdftex.def Info: squeezed_vacuum_variance_075_Mph_10-eps-converted-to.p
df  used on input line 361.
(pdftex.def)             Requested size: 249.9028pt x 141.14893pt.

Overfull \hbox (3.9028pt too wide) in paragraph at lines 361--362
 [][] 
 []


LaTeX Warning: `h' float specifier changed to `ht'.

Missing character: There is no â in font cmr10!
Missing character: There is no € in font cmr10!
Missing character: There is no ™ in font cmr10!
[5 <./fid_vs_binwidth_catstate_alpha_1_mph_10-eps-converted-to.pdf> <./fidelity
_vs_binwidth_catstate_alpha_2-eps-converted-to.pdf> <./squeezed_vacuum_variance
_075_Mph_10-eps-converted-to.pdf>] (./histogram.bbl
Underfull \hbox (badness 4967) in paragraph at lines 64--73
 \OT1/cmr/m/n/9 quan-tum mag-nets,'' Na-ture \OT1/cmr/bx/n/9 549\OT1/cmr/m/n/9 
, 242--246 (2014),
 []


Underfull \hbox (badness 1360) in paragraph at lines 202--209
 \OT1/cmr/m/n/9 from pho-ton num-ber states,'' Na-ture \OT1/cmr/bx/n/9 448\OT1/
cmr/m/n/9 , 784--786
 []

Missing character: There is no â in font cmr9!
Missing character: There is no € in font cmr9!
Missing character: There is no ™ in font cmr9!
[6]
Underfull \hbox (badness 2376) in paragraph at lines 433--439
 []\OT1/cmr/m/n/9 M. Hillery, ``Quan-tum cryp-tog-ra-phy with squeezed
 []

Missing character: There is no Å in font cmr9!
Missing character: There is no „ in font cmr9!
Missing character: There is no Ã in font cmr9!
Missing character: There is no ¡ in font cmr9!

Underfull \hbox (badness 2573) in paragraph at lines 588--594
 []\OT1/cmr/m/n/9 U. Leon-hardt, |   []
 []


Underfull \hbox (badness 5970) in paragraph at lines 635--641
 []\OT1/cmr/m/n/9 William J. Kennedy Jr. and James E. Gen-tle,
 []


Underfull \hbox (badness 10000) in paragraph at lines 674--677
 []\OT1/cmr/m/n/9 B. Efron and R. J. Tib-shi-rani,
 []


Underfull \hbox (badness 10000) in paragraph at lines 674--677
 |   [] \OT1/cmr/m/n/9 (Chap-man and
 []

) [7] (./histogram.aux) ) 
Here is how much of TeX's memory you used:
 5653 strings out of 492980
 80333 string characters out of 6132044
 180709 words of memory out of 5000000
 9110 multiletter control sequences out of 15000+600000
 16913 words of font info for 63 fonts, out of 8000000 for 9000
 1141 hyphenation exceptions out of 8191
 41i,12n,38p,923b,367s stack positions out of 5000i,500n,10000p,200000b,80000s
</local/texlive/2016/texmf-dist/fonts/type1/public/ams
fonts/cm/cmbx12.pfb></local/texlive/2016/texmf-dist/fonts/type1/public/amsfonts
/cm/cmbx9.pfb></local/texlive/2016/texmf-dist/fonts/type1/public/amsfonts/cm/cm
ex10.pfb></local/texlive/2016/texmf-dist/fonts/type1/public/amsfonts/cm/cmmi10.
pfb></local/texlive/2016/texmf-dist/fonts/type1/public/amsfonts/cm/cmmi7.pfb></
local/texlive/2016/texmf-dist/fonts/type1/public/amsfonts/cm/cmmi9.pfb></local/
texlive/2016/texmf-dist/fonts/type1/public/amsfonts/cm/cmr10.pfb></local/texliv
e/2016/texmf-dist/fonts/type1/public/amsfonts/cm/cmr6.pfb></local/texlive/2016/
texmf-dist/fonts/type1/public/amsfonts/cm/cmr7.pfb></local/texlive/2016/texmf-d
ist/fonts/type1/public/amsfonts/cm/cmr8.pfb></local/texlive/2016/texmf-dist/fon
ts/type1/public/amsfonts/cm/cmr9.pfb></local/texlive/2016/texmf-dist/fonts/type
1/public/amsfonts/cm/cmsy10.pfb></local/texlive/2016/texmf-dist/fonts/type1/pub
lic/amsfonts/cm/cmsy6.pfb></local/texlive/2016/texmf-dist/fonts/type1/public/am
sfonts/cm/cmsy7.pfb></local/texlive/2016/texmf-dist/fonts/type1/public/amsfonts
/cm/cmti10.pfb></local/texlive/2016/texmf-dist/fonts/type1/public/amsfonts/cm/c
mti9.pfb>
Output written on histogram.pdf (7 pages, 1131042 bytes).
PDF statistics:
 116 PDF objects out of 1000 (max. 8388607)
 78 compressed objects within 1 object stream
 0 named destinations out of 1000 (max. 500000)
 31 words of extra memory for PDF output out of 10000 (max. 10000000)

